<?xml version="1.0" encoding="UTF-8" ?>
<testsuites>
  <testsuite errors="0" failures="0" hostname="surfnet-PC" id="0" name="TestAddGadget" package="com.portal_ui" tests="1" time="39.565" timestamp="2011-08-15T14:21:16">
      <properties>
[...]
</properties>

      <testcase classname="com.portal_ui.TestAddGadget" name="testAddGadget" time="39.424" />

      <system-out><![CDATA[]]></system-out>

      <system-err><![CDATA[]]></system-err>

  </testsuite>
  <testsuite errors="0" failures="0" hostname="surfnet-PC" id="1" name="TestAssignTeam" package="com.portal_ui" tests="1" time="31.017" timestamp="2011-08-15T14:21:56">
      <properties>
[...]
</properties>

      <testcase classname="com.portal_ui.TestAssignTeam" name="testAssignTeam" time="30.845" />

      <system-out><![CDATA[]]></system-out>

      <system-err><![CDATA[]]></system-err>

  </testsuite>
  <testsuite errors="0" failures="0" hostname="surfnet-PC" id="2" name="TestTabs" package="com.portal_ui" tests="1" time="27.387" timestamp="2011-08-15T14:22:28">
      <properties>
[...]
</properties>

      <testcase classname="com.portal_ui.TestTabs" name="testTabs" time="27.23" />

      <system-out><![CDATA[]]></system-out>

      <system-err><![CDATA[]]></system-err>

  </testsuite>
  <testsuite errors="0" failures="0" hostname="surfnet-PC" id="3" name="TestUserInfo" package="com.portal_ui" tests="1" time="17.682" timestamp="2011-08-15T14:22:56">
      <properties>
[...]
</properties>

      <testcase classname="com.portal_ui.TestUserInfo" name="testSignIn" time="17.529" />

      <system-out><![CDATA[]]></system-out>

      <system-err><![CDATA[]]></system-err>

  </testsuite>
</testsuites>
