<?xml version="1.0" encoding="UTF-8" ?>
<testsuites>
  <testsuite errors="0" failures="0" hostname="surfnet-PC" id="0" name="AddMember" package="com.portal_ui" tests="1" time="24.83" timestamp="2011-08-24T12:18:43">
      <properties>
[...]
</properties>

      <testcase classname="com.portal_ui.AddMember" name="testSignIn" time="24.705" />

      <system-out><![CDATA[]]></system-out>

      <system-err><![CDATA[]]></system-err>

  </testsuite>
  <testsuite errors="0" failures="0" hostname="surfnet-PC" id="1" name="AddMemberCSV" package="com.portal_ui" tests="1" time="24.564" timestamp="2011-08-24T12:19:08">
      <properties>
[...]
</properties>

      <testcase classname="com.portal_ui.AddMemberCSV" name="testSignIn" time="24.424" />

      <system-out><![CDATA[]]></system-out>

      <system-err><![CDATA[]]></system-err>

  </testsuite>
  <testsuite errors="1" failures="0" hostname="surfnet-PC" id="2" name="AddTeam" package="com.portal_ui" tests="1" time="28.205" timestamp="2011-08-24T12:18:14">
      <properties>
[...]
</properties>

      <testcase classname="com.portal_ui.AddTeam" name="testSignIn" time="28.064">
          <error message="com.thoughtworks.selenium.SeleniumException: ERROR: Element link=&lt; Back to teams not found" type="java.lang.Error">java.lang.Error: com.thoughtworks.selenium.SeleniumException: ERROR: Element link=&lt; Back to teams not found
	at com.portal_ui.AddTeam.testSignIn(AddTeam.java:40)
	at com.thoughtworks.selenium.SeleneseTestCase.runBare(SeleneseTestCase.java:212)
Caused by: com.thoughtworks.selenium.SeleniumException: ERROR: Element link=&lt; Back to teams not found
	at com.thoughtworks.selenium.HttpCommandProcessor.throwAssertionFailureExceptionOrError(HttpCommandProcessor.java:97)
	at com.thoughtworks.selenium.HttpCommandProcessor.doCommand(HttpCommandProcessor.java:91)
	at com.thoughtworks.selenium.DefaultSelenium.click(DefaultSelenium.java:177)
	at com.portal_ui.AddTeam.testSignIn(AddTeam.java:36)
</error>

      </testcase>

      <system-out><![CDATA[]]></system-out>

      <system-err><![CDATA[]]></system-err>

  </testsuite>
  <testsuite errors="0" failures="0" hostname="surfnet-PC" id="3" name="DeleteTeam" package="com.portal_ui" tests="1" time="21.986" timestamp="2011-08-24T12:19:59">
      <properties>
[...]
</properties>

      <testcase classname="com.portal_ui.DeleteTeam" name="testSignIn" time="21.861" />

      <system-out><![CDATA[]]></system-out>

      <system-err><![CDATA[]]></system-err>

  </testsuite>
  <testsuite errors="0" failures="0" hostname="surfnet-PC" id="4" name="Login_No_AddTeamGuest" package="com.portal_ui" tests="1" time="15.002" timestamp="2011-08-24T12:17:58">
      <properties>
[...]
</properties>

      <testcase classname="com.portal_ui.Login_No_AddTeamGuest" name="testlogin_AddTeam" time="14.877" />

      <system-out><![CDATA[]]></system-out>

      <system-err><![CDATA[]]></system-err>

  </testsuite>
  <testsuite errors="0" failures="0" hostname="surfnet-PC" id="5" name="ModifyDescription" package="com.portal_ui" tests="1" time="25.564" timestamp="2011-08-24T12:19:33">
      <properties>
[...]
</properties>

      <testcase classname="com.portal_ui.ModifyDescription" name="testSignIn" time="25.439" />

      <system-out><![CDATA[]]></system-out>

      <system-err><![CDATA[]]></system-err>

  </testsuite>
</testsuites>
