<?xml version="1.0" encoding="UTF-8" ?>
<!--
  ~ Copyright 2011 SURFnet bv, The Netherlands
  ~
  ~ Licensed under the Apache License, Version 2.0 (the "License");
  ~ you may not use this file except in compliance with the License.
  ~ You may obtain a copy of the License at
  ~
  ~      http://www.apache.org/licenses/LICENSE-2.0
  ~
  ~ Unless required by applicable law or agreed to in writing, software
  ~ distributed under the License is distributed on an "AS IS" BASIS,
  ~ WITHOUT WARRANTIES OR CONDITIONS OF ANY KIND, either express or implied.
  ~ See the License for the specific language governing permissions and
  ~ limitations under the License.
  -->

<testsuite errors="0" failures="0" hostname="dhcp-62.surfnet.nl" name="com.portal_ui.DragDrop" tests="1" time="57.121" timestamp="2011-01-28T10:51:30">
  <properties>
[...]
</properties>
  <testcase classname="com.portal_ui.DragDrop" name="testDragDrop" time="56.95"></testcase>
  <system-out><![CDATA[]]></system-out>
  <system-err><![CDATA[]]></system-err>
</testsuite>
