<?xml version="1.0" encoding="UTF-8" ?>
<!--
  ~ Copyright 2011 SURFnet bv, The Netherlands
  ~
  ~ Licensed under the Apache License, Version 2.0 (the "License");
  ~ you may not use this file except in compliance with the License.
  ~ You may obtain a copy of the License at
  ~
  ~      http://www.apache.org/licenses/LICENSE-2.0
  ~
  ~ Unless required by applicable law or agreed to in writing, software
  ~ distributed under the License is distributed on an "AS IS" BASIS,
  ~ WITHOUT WARRANTIES OR CONDITIONS OF ANY KIND, either express or implied.
  ~ See the License for the specific language governing permissions and
  ~ limitations under the License.
  -->

<testsuite errors="1" failures="0" hostname="Nootbok" name="com.portal_ui.TopMenu" tests="1" time="47.308" timestamp="2011-04-01T08:54:54">
  <properties>
[...]
</properties>
  <testcase classname="com.portal_ui.TopMenu" name="testTopMenu" time="47.064">
    <error message="java.lang.AssertionError: null
	at com.thoughtworks.selenium.SeleneseTestBase.fail(SeleneseTestBase.java:356)
	at com.thoughtworks.selenium.SeleneseTestBase.assertTrue(SeleneseTestBase.java:361)
	at com.thoughtworks.selenium.SeleneseTestBase.assertTrue(SeleneseTestBase.java:365)
	at com.thoughtworks.selenium.SeleneseTestBase.verifyTrue(SeleneseTestBase.java:125)
	at com.thoughtworks.selenium.SeleneseTestCase.verifyTrue(SeleneseTestCase.java:119)
	at com.portal_ui.TopMenu.testTopMenu(TopMenu.java:23)
	at sun.reflect.NativeMethodAccessorImpl.invoke0(Native Method)
	at sun.reflect.NativeMethodAccessorImpl.invoke(NativeMethodAccessorImpl.java:39)
	at sun.reflect.DelegatingMethodAccessorImpl.invoke(DelegatingMethodAccessorImpl.java:25)
	at java.lang.reflect.Method.invoke(Method.java:597)
	at junit.framework.TestCase.runTest(TestCase.java:154)
	at junit.framework.TestCase.runBare(TestCase.java:127)
	at com.thoughtworks.selenium.SeleneseTestCase.runBare(SeleneseTestCase.java:212)
	at junit.framework.TestResult$1.protect(TestResult.java:106)
	at junit.framework.TestResult.runProtected(TestResult.java:124)
	at junit.framework.TestResult.run(TestResult.java:109)
	at junit.framework.TestCase.run(TestCase.java:118)
	at junit.framework.TestSuite.runTest(TestSuite.java:208)
	at junit.framework.TestSuite.run(TestSuite.java:203)
	at org.apache.tools.ant.taskdefs.optional.junit.JUnitTestRunner.run(JUnitTestRunner.java:518)
	at org.apache.tools.ant.taskdefs.optional.junit.JUnitTestRunner.launch(JUnitTestRunner.java:1052)
	at org.apache.tools.ant.taskdefs.optional.junit.JUnitTestRunner.main(JUnitTestRunner.java:906)
java.lang.AssertionError: null
	at com.thoughtworks.selenium.SeleneseTestBase.fail(SeleneseTestBase.java:356)
	at com.thoughtworks.selenium.SeleneseTestBase.assertTrue(SeleneseTestBase.java:361)
	at com.thoughtworks.selenium.SeleneseTestBase.assertTrue(SeleneseTestBase.java:365)
	at com.thoughtworks.selenium.SeleneseTestBase.verifyTrue(SeleneseTestBase.java:125)
	at com.thoughtworks.selenium.SeleneseTestCase.verifyTrue(SeleneseTestCase.java:119)
	at com.portal_ui.TopMenu.testTopMenu(TopMenu.java:24)
	at sun.reflect.NativeMethodAccessorImpl.invoke0(Native Method)
	at sun.reflect.NativeMethodAccessorImpl.invoke(NativeMethodAccessorImpl.java:39)
	at sun.reflect.DelegatingMethodAccessorImpl.invoke(DelegatingMethodAccessorImpl.java:25)
	at java.lang.reflect.Method.invoke(Method.java:597)
	at junit.framework.TestCase.runTest(TestCase.java:154)
	at junit.framework.TestCase.runBare(TestCase.java:127)
	at com.thoughtworks.selenium.SeleneseTestCase.runBare(SeleneseTestCase.java:212)
	at junit.framework.TestResult$1.protect(TestResult.java:106)
	at junit.framework.TestResult.runProtected(TestResult.java:124)
	at junit.framework.TestResult.run(TestResult.java:109)
	at junit.framework.TestCase.run(TestCase.java:118)
	at junit.framework.TestSuite.runTest(TestSuite.java:208)
	at junit.framework.TestSuite.run(TestSuite.java:203)
	at org.apache.tools.ant.taskdefs.optional.junit.JUnitTestRunner.run(JUnitTestRunner.java:518)
	at org.apache.tools.ant.taskdefs.optional.junit.JUnitTestRunner.launch(JUnitTestRunner.java:1052)
	at org.apache.tools.ant.taskdefs.optional.junit.JUnitTestRunner.main(JUnitTestRunner.java:906)
" type="java.lang.AssertionError">java.lang.AssertionError: java.lang.AssertionError: null
	at com.thoughtworks.selenium.SeleneseTestBase.fail(SeleneseTestBase.java:356)
	at com.thoughtworks.selenium.SeleneseTestBase.assertTrue(SeleneseTestBase.java:361)
	at com.thoughtworks.selenium.SeleneseTestBase.assertTrue(SeleneseTestBase.java:365)
	at com.thoughtworks.selenium.SeleneseTestBase.verifyTrue(SeleneseTestBase.java:125)
	at com.thoughtworks.selenium.SeleneseTestCase.verifyTrue(SeleneseTestCase.java:119)
	at com.portal_ui.TopMenu.testTopMenu(TopMenu.java:23)
	at com.thoughtworks.selenium.SeleneseTestCase.runBare(SeleneseTestCase.java:212)
java.lang.AssertionError: null
	at com.thoughtworks.selenium.SeleneseTestBase.fail(SeleneseTestBase.java:356)
	at com.thoughtworks.selenium.SeleneseTestBase.assertTrue(SeleneseTestBase.java:361)
	at com.thoughtworks.selenium.SeleneseTestBase.assertTrue(SeleneseTestBase.java:365)
	at com.thoughtworks.selenium.SeleneseTestBase.verifyTrue(SeleneseTestBase.java:125)
	at com.thoughtworks.selenium.SeleneseTestCase.verifyTrue(SeleneseTestCase.java:119)
	at com.portal_ui.TopMenu.testTopMenu(TopMenu.java:24)
	at com.thoughtworks.selenium.SeleneseTestCase.runBare(SeleneseTestCase.java:212)

	at com.thoughtworks.selenium.SeleneseTestBase.fail(SeleneseTestBase.java:356)
	at com.thoughtworks.selenium.SeleneseTestBase.checkForVerificationErrors(SeleneseTestBase.java:394)
	at com.thoughtworks.selenium.SeleneseTestBase.tearDown(SeleneseTestBase.java:406)
	at com.thoughtworks.selenium.SeleneseTestCase.tearDown(SeleneseTestCase.java:84)
	at com.thoughtworks.selenium.SeleneseTestCase.runBare(SeleneseTestCase.java:212)
</error>
  </testcase>
  <system-out><![CDATA[]]></system-out>
  <system-err><![CDATA[]]></system-err>
</testsuite>
