<?xml version="1.0" encoding="UTF-8" ?>
<testsuites>
  <testsuite errors="0" failures="0" hostname="dhcp-62.surfnet.nl" id="0" name="AddGadget" package="com.portal_ui" tests="1" time="72.633" timestamp="2011-01-28T12:23:44">
      <properties>
[...]
</properties>

      <testcase classname="com.portal_ui.AddGadget" name="testAddGadget" time="72.462" />

      <system-out><![CDATA[]]></system-out>

      <system-err><![CDATA[]]></system-err>

  </testsuite>
  <testsuite errors="0" failures="0" hostname="dhcp-62.surfnet.nl" id="1" name="AssignTeam" package="com.portal_ui" tests="1" time="64.769" timestamp="2011-01-28T12:26:46">
      <properties>
[...]
</properties>

      <testcase classname="com.portal_ui.AssignTeam" name="testAssignTeam" time="64.569" />

      <system-out><![CDATA[]]></system-out>

      <system-err><![CDATA[]]></system-err>

  </testsuite>
  <testsuite errors="1" failures="0" hostname="dhcp-62.surfnet.nl" id="2" name="DeleteAllTabs" package="com.portal_ui" tests="1" time="64.871" timestamp="2011-01-28T12:27:52">
      <properties>
[...]
</properties>

      <testcase classname="com.portal_ui.DeleteAllTabs" name="testDeleteAllTabs" time="64.673">
          <error message="Timeout while waiting for element //div[8]/div[3]/div/button[1]" type="com.thoughtworks.selenium.Wait$WaitTimedOutException">com.thoughtworks.selenium.Wait$WaitTimedOutException: Timeout while waiting for element //div[8]/div[3]/div/button[1]
	at com.thoughtworks.selenium.Wait.wait(Wait.java:81)
	at com.thoughtworks.selenium.Wait.wait(Wait.java:48)
	at com.portal_ui.BaseTest.waitForElement(BaseTest.java:28)
	at com.portal_ui.DeleteAllTabs.testDeleteAllTabs(DeleteAllTabs.java:29)
	at com.thoughtworks.selenium.SeleneseTestCase.runBare(SeleneseTestCase.java:212)
</error>

      </testcase>

      <system-out><![CDATA[]]></system-out>

      <system-err><![CDATA[]]></system-err>

  </testsuite>
  <testsuite errors="0" failures="0" hostname="dhcp-62.surfnet.nl" id="3" name="DragDrop" package="com.portal_ui" tests="1" time="57.121" timestamp="2011-01-28T10:51:30">
      <properties>
[...]
</properties>

      <testcase classname="com.portal_ui.DragDrop" name="testDragDrop" time="56.95" />

      <system-out><![CDATA[]]></system-out>

      <system-err><![CDATA[]]></system-err>

  </testsuite>
  <testsuite errors="0" failures="0" hostname="dhcp-62.surfnet.nl" id="4" name="DragTab" package="com.portal_ui" tests="1" time="40.522" timestamp="2011-01-28T12:23:03">
      <properties>
[...]
</properties>

      <testcase classname="com.portal_ui.DragTab" name="testDragTab" time="40.342" />

      <system-out><![CDATA[]]></system-out>

      <system-err><![CDATA[]]></system-err>

  </testsuite>
  <testsuite errors="0" failures="0" hostname="dhcp-62.surfnet.nl" id="5" name="SignIn" package="com.portal_ui" tests="1" time="34.327" timestamp="2011-01-28T12:22:29">
      <properties>
[...]
</properties>

      <testcase classname="com.portal_ui.SignIn" name="testSignIn" time="34.131" />

      <system-out><![CDATA[]]></system-out>

      <system-err><![CDATA[]]></system-err>

  </testsuite>
  <testsuite errors="0" failures="0" hostname="dhcp-62.surfnet.nl" id="6" name="Tabs" package="com.portal_ui" tests="1" time="64.595" timestamp="2011-01-28T12:24:58">
      <properties>
[...]
</properties>

      <testcase classname="com.portal_ui.Tabs" name="testTabs" time="64.403" />

      <system-out><![CDATA[]]></system-out>

      <system-err><![CDATA[]]></system-err>

  </testsuite>
  <testsuite errors="0" failures="0" hostname="dhcp-62.surfnet.nl" id="7" name="TopMenu" package="com.portal_ui" tests="1" time="42.718" timestamp="2011-01-28T12:26:03">
      <properties>
[...]
</properties>

      <testcase classname="com.portal_ui.TopMenu" name="testTopMenu" time="42.522" />

      <system-out><![CDATA[]]></system-out>

      <system-err><![CDATA[]]></system-err>

  </testsuite>
</testsuites>
