<?xml version="1.0" encoding="UTF-8" ?>
<testsuites>
  <testsuite errors="0" failures="0" hostname="host-30-1.eduroamers.nl" id="0" name="AddGadget" package="com.portal_ui" tests="1" time="131.62" timestamp="2011-01-26T12:30:44">
      <properties>
[...]
</properties>

      <testcase classname="com.portal_ui.AddGadget" name="testAddGadget" time="131.43" />

      <system-out><![CDATA[]]></system-out>

      <system-err><![CDATA[]]></system-err>

  </testsuite>
  <testsuite errors="0" failures="0" hostname="host-30-1.eduroamers.nl" id="1" name="AssignTeam" package="com.portal_ui" tests="1" time="104.159" timestamp="2011-01-26T12:37:41">
      <properties>
[...]
</properties>

      <testcase classname="com.portal_ui.AssignTeam" name="testAssignTeam" time="103.986" />

      <system-out><![CDATA[]]></system-out>

      <system-err><![CDATA[]]></system-err>

  </testsuite>
  <testsuite errors="0" failures="0" hostname="host-30-1.eduroamers.nl" id="2" name="DragDrop" package="com.portal_ui" tests="1" time="97.984" timestamp="2011-01-26T12:36:03">
      <properties>
[...]
</properties>

      <testcase classname="com.portal_ui.DragDrop" name="testDragDrop" time="97.81" />

      <system-out><![CDATA[]]></system-out>

      <system-err><![CDATA[]]></system-err>

  </testsuite>
  <testsuite errors="1" failures="0" hostname="host-30-1.eduroamers.nl" id="3" name="DragTab" package="com.portal_ui" tests="1" time="54.732" timestamp="2011-01-26T12:29:48">
      <properties>
[...]
</properties>

      <testcase classname="com.portal_ui.DragTab" name="testDragTab" time="54.559">
          <error message="ERROR: Element //*[@title=&apos;remove from menu&apos;] not found" type="com.thoughtworks.selenium.SeleniumException">com.thoughtworks.selenium.SeleniumException: ERROR: Element //*[@title=&apos;remove from menu&apos;] not found
	at com.thoughtworks.selenium.HttpCommandProcessor.throwAssertionFailureExceptionOrError(HttpCommandProcessor.java:97)
	at com.thoughtworks.selenium.HttpCommandProcessor.doCommand(HttpCommandProcessor.java:91)
	at com.thoughtworks.selenium.DefaultSelenium.click(DefaultSelenium.java:177)
	at com.portal_ui.DragTab.testDragTab(DragTab.java:27)
	at com.thoughtworks.selenium.SeleneseTestCase.runBare(SeleneseTestCase.java:212)
</error>

      </testcase>

      <system-out><![CDATA[]]></system-out>

      <system-err><![CDATA[]]></system-err>

  </testsuite>
  <testsuite errors="1" failures="0" hostname="host-30-1.eduroamers.nl" id="4" name="SignIn" package="com.portal_ui" tests="1" time="41.03" timestamp="2011-01-26T12:29:06">
      <properties>
[...]
</properties>

      <testcase classname="com.portal_ui.SignIn" name="testSignIn" time="40.858">
          <error message="ERROR: Couldn&apos;t access document.body.  Is this HTML page fully loaded?" type="com.thoughtworks.selenium.SeleniumException">com.thoughtworks.selenium.SeleniumException: ERROR: Couldn&apos;t access document.body.  Is this HTML page fully loaded?
	at com.thoughtworks.selenium.HttpCommandProcessor.throwAssertionFailureExceptionOrError(HttpCommandProcessor.java:97)
	at com.thoughtworks.selenium.HttpCommandProcessor.doCommand(HttpCommandProcessor.java:91)
	at com.thoughtworks.selenium.HttpCommandProcessor.getString(HttpCommandProcessor.java:262)
	at com.thoughtworks.selenium.HttpCommandProcessor.getBoolean(HttpCommandProcessor.java:335)
	at com.thoughtworks.selenium.DefaultSelenium.isTextPresent(DefaultSelenium.java:517)
	at com.portal_ui.SignIn.testSignIn(SignIn.java:22)
	at com.thoughtworks.selenium.SeleneseTestCase.runBare(SeleneseTestCase.java:212)
</error>

      </testcase>

      <system-out><![CDATA[]]></system-out>

      <system-err><![CDATA[]]></system-err>

  </testsuite>
  <testsuite errors="0" failures="0" hostname="host-30-1.eduroamers.nl" id="5" name="Tabs" package="com.portal_ui" tests="1" time="113.145" timestamp="2011-01-26T12:32:56">
      <properties>
[...]
</properties>

      <testcase classname="com.portal_ui.Tabs" name="testTabs" time="112.956" />

      <system-out><![CDATA[]]></system-out>

      <system-err><![CDATA[]]></system-err>

  </testsuite>
  <testsuite errors="0" failures="0" hostname="host-30-1.eduroamers.nl" id="6" name="TopMenu" package="com.portal_ui" tests="1" time="72.686" timestamp="2011-01-26T12:34:50">
      <properties>
[...]
</properties>

      <testcase classname="com.portal_ui.TopMenu" name="testTopMenu" time="72.512" />

      <system-out><![CDATA[]]></system-out>

      <system-err><![CDATA[]]></system-err>

  </testsuite>
</testsuites>
