<?xml version="1.0" encoding="UTF-8" ?>
<testsuites>
  <testsuite errors="1" failures="0" hostname="Nootbok" id="0" name="AddGadget" package="com.portal_ui" tests="1" time="117.95" timestamp="2011-04-01T08:51:50">
      <properties>
[...]
</properties>

      <testcase classname="com.portal_ui.AddGadget" name="testAddGadget" time="117.709">
          <error message="Timeout while waiting for element //div[10]/div[3]/div/button[1]" type="com.thoughtworks.selenium.Wait$WaitTimedOutException">com.thoughtworks.selenium.Wait$WaitTimedOutException: Timeout while waiting for element //div[10]/div[3]/div/button[1]
	at com.thoughtworks.selenium.Wait.wait(Wait.java:81)
	at com.thoughtworks.selenium.Wait.wait(Wait.java:48)
	at com.portal_ui.BaseTest.waitForElement(BaseTest.java:28)
	at com.portal_ui.AddGadget.testAddGadget(AddGadget.java:66)
	at com.thoughtworks.selenium.SeleneseTestCase.runBare(SeleneseTestCase.java:212)
</error>

      </testcase>

      <system-out><![CDATA[]]></system-out>

      <system-err><![CDATA[]]></system-err>

  </testsuite>
  <testsuite errors="1" failures="0" hostname="Nootbok" id="1" name="AssignTeam" package="com.portal_ui" tests="1" time="25.906" timestamp="2011-04-01T08:55:42">
      <properties>
[...]
</properties>

      <testcase classname="com.portal_ui.AssignTeam" name="testAssignTeam" time="25.645">
          <error message="ERROR: Element username not found" type="com.thoughtworks.selenium.SeleniumException">com.thoughtworks.selenium.SeleniumException: ERROR: Element username not found
	at com.thoughtworks.selenium.HttpCommandProcessor.throwAssertionFailureExceptionOrError(HttpCommandProcessor.java:97)
	at com.thoughtworks.selenium.HttpCommandProcessor.doCommand(HttpCommandProcessor.java:91)
	at com.thoughtworks.selenium.DefaultSelenium.type(DefaultSelenium.java:301)
	at com.portal_ui.AssignTeam.testAssignTeam(AssignTeam.java:15)
	at com.thoughtworks.selenium.SeleneseTestCase.runBare(SeleneseTestCase.java:212)
</error>

      </testcase>

      <system-out><![CDATA[]]></system-out>

      <system-err><![CDATA[]]></system-err>

  </testsuite>
  <testsuite errors="1" failures="0" hostname="Nootbok" id="2" name="DeleteAllTabs" package="com.portal_ui" tests="1" time="23.704" timestamp="2011-04-01T08:56:09">
      <properties>
[...]
</properties>

      <testcase classname="com.portal_ui.DeleteAllTabs" name="testDeleteAllTabs" time="23.456">
          <error message="ERROR: Element username not found" type="com.thoughtworks.selenium.SeleniumException">com.thoughtworks.selenium.SeleniumException: ERROR: Element username not found
	at com.thoughtworks.selenium.HttpCommandProcessor.throwAssertionFailureExceptionOrError(HttpCommandProcessor.java:97)
	at com.thoughtworks.selenium.HttpCommandProcessor.doCommand(HttpCommandProcessor.java:91)
	at com.thoughtworks.selenium.DefaultSelenium.type(DefaultSelenium.java:301)
	at com.portal_ui.DeleteAllTabs.testDeleteAllTabs(DeleteAllTabs.java:16)
	at com.thoughtworks.selenium.SeleneseTestCase.runBare(SeleneseTestCase.java:212)
</error>

      </testcase>

      <system-out><![CDATA[]]></system-out>

      <system-err><![CDATA[]]></system-err>

  </testsuite>
  <testsuite errors="0" failures="0" hostname="dhcp-62.surfnet.nl" id="3" name="DragDrop" package="com.portal_ui" tests="1" time="57.121" timestamp="2011-01-28T10:51:30">
      <properties>
[...]
</properties>

      <testcase classname="com.portal_ui.DragDrop" name="testDragDrop" time="56.95" />

      <system-out><![CDATA[]]></system-out>

      <system-err><![CDATA[]]></system-err>

  </testsuite>
  <testsuite errors="1" failures="0" hostname="Nootbok" id="4" name="DragTab" package="com.portal_ui" tests="1" time="41.778" timestamp="2011-04-01T08:51:08">
      <properties>
[...]
</properties>

      <testcase classname="com.portal_ui.DragTab" name="testDragTab" time="41.53">
          <error message="ERROR: Element username not found" type="com.thoughtworks.selenium.SeleniumException">com.thoughtworks.selenium.SeleniumException: ERROR: Element username not found
	at com.thoughtworks.selenium.HttpCommandProcessor.throwAssertionFailureExceptionOrError(HttpCommandProcessor.java:97)
	at com.thoughtworks.selenium.HttpCommandProcessor.doCommand(HttpCommandProcessor.java:91)
	at com.thoughtworks.selenium.DefaultSelenium.type(DefaultSelenium.java:301)
	at com.portal_ui.DragTab.testDragTab(DragTab.java:16)
	at com.thoughtworks.selenium.SeleneseTestCase.runBare(SeleneseTestCase.java:212)
</error>

      </testcase>

      <system-out><![CDATA[]]></system-out>

      <system-err><![CDATA[]]></system-err>

  </testsuite>
  <testsuite errors="0" failures="0" hostname="Nootbok" id="5" name="SignIn" package="com.portal_ui" tests="1" time="40.45" timestamp="2011-04-01T08:50:27">
      <properties>
[...]
</properties>

      <testcase classname="com.portal_ui.SignIn" name="testSignIn" time="40.142" />

      <system-out><![CDATA[]]></system-out>

      <system-err><![CDATA[]]></system-err>

  </testsuite>
  <testsuite errors="0" failures="0" hostname="Nootbok" id="6" name="Tabs" package="com.portal_ui" tests="1" time="64.522" timestamp="2011-04-01T08:53:49">
      <properties>
[...]
</properties>

      <testcase classname="com.portal_ui.Tabs" name="testTabs" time="64.275" />

      <system-out><![CDATA[]]></system-out>

      <system-err><![CDATA[]]></system-err>

  </testsuite>
  <testsuite errors="1" failures="0" hostname="Nootbok" id="7" name="TopMenu" package="com.portal_ui" tests="1" time="47.308" timestamp="2011-04-01T08:54:54">
      <properties>
[...]
</properties>

      <testcase classname="com.portal_ui.TopMenu" name="testTopMenu" time="47.064">
          <error message="java.lang.AssertionError: null  at com.thoughtworks.selenium.SeleneseTestBase.fail(SeleneseTestBase.java:356)  at com.thoughtworks.selenium.SeleneseTestBase.assertTrue(SeleneseTestBase.java:361)  at com.thoughtworks.selenium.SeleneseTestBase.assertTrue(SeleneseTestBase.java:365)  at com.thoughtworks.selenium.SeleneseTestBase.verifyTrue(SeleneseTestBase.java:125)  at com.thoughtworks.selenium.SeleneseTestCase.verifyTrue(SeleneseTestCase.java:119)  at com.portal_ui.TopMenu.testTopMenu(TopMenu.java:23)  at sun.reflect.NativeMethodAccessorImpl.invoke0(Native Method)  at sun.reflect.NativeMethodAccessorImpl.invoke(NativeMethodAccessorImpl.java:39)  at sun.reflect.DelegatingMethodAccessorImpl.invoke(DelegatingMethodAccessorImpl.java:25)  at java.lang.reflect.Method.invoke(Method.java:597)  at junit.framework.TestCase.runTest(TestCase.java:154)  at junit.framework.TestCase.runBare(TestCase.java:127)  at com.thoughtworks.selenium.SeleneseTestCase.runBare(SeleneseTestCase.java:212)  at junit.framework.TestResult$1.protect(TestResult.java:106)  at junit.framework.TestResult.runProtected(TestResult.java:124)  at junit.framework.TestResult.run(TestResult.java:109)  at junit.framework.TestCase.run(TestCase.java:118)  at junit.framework.TestSuite.runTest(TestSuite.java:208)  at junit.framework.TestSuite.run(TestSuite.java:203)  at org.apache.tools.ant.taskdefs.optional.junit.JUnitTestRunner.run(JUnitTestRunner.java:518)  at org.apache.tools.ant.taskdefs.optional.junit.JUnitTestRunner.launch(JUnitTestRunner.java:1052)  at org.apache.tools.ant.taskdefs.optional.junit.JUnitTestRunner.main(JUnitTestRunner.java:906) java.lang.AssertionError: null  at com.thoughtworks.selenium.SeleneseTestBase.fail(SeleneseTestBase.java:356)  at com.thoughtworks.selenium.SeleneseTestBase.assertTrue(SeleneseTestBase.java:361)  at com.thoughtworks.selenium.SeleneseTestBase.assertTrue(SeleneseTestBase.java:365)  at com.thoughtworks.selenium.SeleneseTestBase.verifyTrue(SeleneseTestBase.java:125)  at com.thoughtworks.selenium.SeleneseTestCase.verifyTrue(SeleneseTestCase.java:119)  at com.portal_ui.TopMenu.testTopMenu(TopMenu.java:24)  at sun.reflect.NativeMethodAccessorImpl.invoke0(Native Method)  at sun.reflect.NativeMethodAccessorImpl.invoke(NativeMethodAccessorImpl.java:39)  at sun.reflect.DelegatingMethodAccessorImpl.invoke(DelegatingMethodAccessorImpl.java:25)  at java.lang.reflect.Method.invoke(Method.java:597)  at junit.framework.TestCase.runTest(TestCase.java:154)  at junit.framework.TestCase.runBare(TestCase.java:127)  at com.thoughtworks.selenium.SeleneseTestCase.runBare(SeleneseTestCase.java:212)  at junit.framework.TestResult$1.protect(TestResult.java:106)  at junit.framework.TestResult.runProtected(TestResult.java:124)  at junit.framework.TestResult.run(TestResult.java:109)  at junit.framework.TestCase.run(TestCase.java:118)  at junit.framework.TestSuite.runTest(TestSuite.java:208)  at junit.framework.TestSuite.run(TestSuite.java:203)  at org.apache.tools.ant.taskdefs.optional.junit.JUnitTestRunner.run(JUnitTestRunner.java:518)  at org.apache.tools.ant.taskdefs.optional.junit.JUnitTestRunner.launch(JUnitTestRunner.java:1052)  at org.apache.tools.ant.taskdefs.optional.junit.JUnitTestRunner.main(JUnitTestRunner.java:906) " type="java.lang.AssertionError">java.lang.AssertionError: java.lang.AssertionError: null
	at com.thoughtworks.selenium.SeleneseTestBase.fail(SeleneseTestBase.java:356)
	at com.thoughtworks.selenium.SeleneseTestBase.assertTrue(SeleneseTestBase.java:361)
	at com.thoughtworks.selenium.SeleneseTestBase.assertTrue(SeleneseTestBase.java:365)
	at com.thoughtworks.selenium.SeleneseTestBase.verifyTrue(SeleneseTestBase.java:125)
	at com.thoughtworks.selenium.SeleneseTestCase.verifyTrue(SeleneseTestCase.java:119)
	at com.portal_ui.TopMenu.testTopMenu(TopMenu.java:23)
	at com.thoughtworks.selenium.SeleneseTestCase.runBare(SeleneseTestCase.java:212)
java.lang.AssertionError: null
	at com.thoughtworks.selenium.SeleneseTestBase.fail(SeleneseTestBase.java:356)
	at com.thoughtworks.selenium.SeleneseTestBase.assertTrue(SeleneseTestBase.java:361)
	at com.thoughtworks.selenium.SeleneseTestBase.assertTrue(SeleneseTestBase.java:365)
	at com.thoughtworks.selenium.SeleneseTestBase.verifyTrue(SeleneseTestBase.java:125)
	at com.thoughtworks.selenium.SeleneseTestCase.verifyTrue(SeleneseTestCase.java:119)
	at com.portal_ui.TopMenu.testTopMenu(TopMenu.java:24)
	at com.thoughtworks.selenium.SeleneseTestCase.runBare(SeleneseTestCase.java:212)

	at com.thoughtworks.selenium.SeleneseTestBase.fail(SeleneseTestBase.java:356)
	at com.thoughtworks.selenium.SeleneseTestBase.checkForVerificationErrors(SeleneseTestBase.java:394)
	at com.thoughtworks.selenium.SeleneseTestBase.tearDown(SeleneseTestBase.java:406)
	at com.thoughtworks.selenium.SeleneseTestCase.tearDown(SeleneseTestCase.java:84)
	at com.thoughtworks.selenium.SeleneseTestCase.runBare(SeleneseTestCase.java:212)
</error>

      </testcase>

      <system-out><![CDATA[]]></system-out>

      <system-err><![CDATA[]]></system-err>

  </testsuite>
</testsuites>
